<?xml version="1.0" encoding="UTF-8"?>
<testsuite name="game.LadderGameTest" tests="1" skipped="0" failures="0" errors="0" timestamp="2019-04-28T08:00:16" hostname="DESKTOP-BGD14AB" time="0.017">
  <properties/>
  <testcase name="randomLadderPrint()" classname="game.LadderGameTest" time="0.017"/>
  <system-out><![CDATA[|   |   |---|   |   |---|   |

|   |   |---|   |   |---|   |

|   |   |   |---|   |   |---|

|   |   |   |   |   |---|   |

|   |   |---|   |   |   |   |

|---|   |   |---|   |   |   |

|   |   |   |   |---|   |   |

|---|   |   |---|   |   |---|

|   |---|   |   |   |   |   |

|   |   |---|   |   |---|   |

0 : 0
1 : 3
2 : 6
3 : 4
4 : 1
5 : 7
6 : 5
7 : 2
]]></system-out>
  <system-err><![CDATA[]]></system-err>
</testsuite>
